2023-03-04 09:46:54.180  INFO 10280 --- [restartedMain] c.dubble.community.CommunityApplication  : Starting CommunityApplication on LAPTOP-7D9SSROK with PID 10280 (C:\Users\change\Desktop\community\target\classes started by change in C:\Users\change\Desktop\community)
2023-03-04 09:46:54.189  INFO 10280 --- [restartedMain] c.dubble.community.CommunityApplication  : No active profile set, falling back to default profiles: default
2023-03-04 09:46:54.274  INFO 10280 --- [restartedMain] .e.DevToolsPropertyDefaultsPostProcessor : Devtools property defaults active! Set 'spring.devtools.add-properties' to 'false' to disable
2023-03-04 09:46:54.274  INFO 10280 --- [restartedMain] .e.DevToolsPropertyDefaultsPostProcessor : For additional web related logging consider setting the 'logging.level.web' property to 'DEBUG'
2023-03-04 09:46:55.101  INFO 10280 --- [restartedMain] trationDelegate$BeanPostProcessorChecker : Bean 'listenerAsyncConfiguration' of type [com.dubble.community.listener.ListenerAsyncConfiguration$$EnhancerBySpringCGLIB$$62f44100] is not eligible for getting processed by all BeanPostProcessors (for example: not eligible for auto-proxying)
2023-03-04 09:46:55.385  INFO 10280 --- [restartedMain] o.s.b.w.embedded.tomcat.TomcatWebServer  : Tomcat initialized with port(s): 8080 (http)
2023-03-04 09:46:55.392  INFO 10280 --- [restartedMain] o.apache.catalina.core.StandardService   : Starting service [Tomcat]
2023-03-04 09:46:55.392  INFO 10280 --- [restartedMain] org.apache.catalina.core.StandardEngine  : Starting Servlet engine: [Apache Tomcat/9.0.38]
2023-03-04 09:46:55.463  INFO 10280 --- [restartedMain] o.a.c.c.C.[Tomcat].[localhost].[/]       : Initializing Spring embedded WebApplicationContext
2023-03-04 09:46:55.464  INFO 10280 --- [restartedMain] w.s.c.ServletWebServerApplicationContext : Root WebApplicationContext: initialization completed in 1190 ms
2023-03-04 09:46:55.514  INFO 10280 --- [restartedMain] com.zaxxer.hikari.HikariDataSource       : HikariPool-1 - Starting...
2023-03-04 09:46:55.667  INFO 10280 --- [restartedMain] com.zaxxer.hikari.HikariDataSource       : HikariPool-1 - Start completed.
2023-03-04 09:46:55.672  INFO 10280 --- [restartedMain] o.s.b.a.h2.H2ConsoleAutoConfiguration    : H2 console available at '/h2-console'. Database available at 'jdbc:h2:~/community'
2023-03-04 09:46:56.317  INFO 10280 --- [restartedMain] o.s.s.concurrent.ThreadPoolTaskExecutor  : Initializing ExecutorService 'applicationTaskExecutor'
2023-03-04 09:46:56.369  INFO 10280 --- [restartedMain] o.s.b.a.w.s.WelcomePageHandlerMapping    : Adding welcome page template: index
2023-03-04 09:46:56.479  INFO 10280 --- [restartedMain] o.s.s.c.ThreadPoolTaskScheduler          : Initializing ExecutorService 'taskScheduler'
2023-03-04 09:46:56.611  INFO 10280 --- [restartedMain] o.s.b.d.a.OptionalLiveReloadServer       : LiveReload server is running on port 35729
2023-03-04 09:46:56.637  INFO 10280 --- [restartedMain] o.s.b.w.embedded.tomcat.TomcatWebServer  : Tomcat started on port(s): 8080 (http) with context path ''
2023-03-04 09:46:56.644  INFO 10280 --- [scheduling-1] c.d.community.schedule.AvatarFixTasks    : fixUserAvatar start Sat Mar 04 09:46:56 CST 2023
2023-03-04 09:46:56.647  INFO 10280 --- [restartedMain] c.dubble.community.CommunityApplication  : Started CommunityApplication in 2.831 seconds (JVM running for 3.859)
2023-03-04 09:46:56.687  INFO 10280 --- [scheduling-1] c.d.community.schedule.AvatarFixTasks    : fixUserAvatar stop Sat Mar 04 09:46:56 CST 2023
2023-03-04 09:46:56.687  INFO 10280 --- [scheduling-1] c.dubble.community.schedule.HotTagTasks  : hotTagSchedule start Sat Mar 04 09:46:56 CST 2023
2023-03-04 09:46:56.692  INFO 10280 --- [scheduling-1] c.dubble.community.schedule.HotTagTasks  : hotTagSchedule stop Sat Mar 04 09:46:56 CST 2023
2023-03-04 09:47:34.547  INFO 10280 --- [http-nio-8080-exec-1] o.a.c.c.C.[Tomcat].[localhost].[/]       : Initializing Spring DispatcherServlet 'dispatcherServlet'
2023-03-04 09:47:34.547  INFO 10280 --- [http-nio-8080-exec-1] o.s.web.servlet.DispatcherServlet        : Initializing Servlet 'dispatcherServlet'
2023-03-04 09:47:34.558  INFO 10280 --- [http-nio-8080-exec-1] o.s.web.servlet.DispatcherServlet        : Completed initialization in 11 ms
2023-03-04 09:56:56.647  INFO 10280 --- [scheduling-1] c.d.community.schedule.AvatarFixTasks    : fixUserAvatar start Sat Mar 04 09:56:56 CST 2023
2023-03-04 09:56:56.648  INFO 10280 --- [scheduling-1] c.d.community.schedule.AvatarFixTasks    : fixUserAvatar stop Sat Mar 04 09:56:56 CST 2023
2023-03-04 10:06:56.649  INFO 10280 --- [scheduling-1] c.d.community.schedule.AvatarFixTasks    : fixUserAvatar start Sat Mar 04 10:06:56 CST 2023
2023-03-04 10:06:56.650  INFO 10280 --- [scheduling-1] c.d.community.schedule.AvatarFixTasks    : fixUserAvatar stop Sat Mar 04 10:06:56 CST 2023
2023-03-04 10:16:56.646  INFO 10280 --- [scheduling-1] c.d.community.schedule.AvatarFixTasks    : fixUserAvatar start Sat Mar 04 10:16:56 CST 2023
2023-03-04 10:16:56.653  INFO 10280 --- [scheduling-1] c.d.community.schedule.AvatarFixTasks    : fixUserAvatar stop Sat Mar 04 10:16:56 CST 2023
2023-03-04 10:26:56.645  INFO 10280 --- [scheduling-1] c.d.community.schedule.AvatarFixTasks    : fixUserAvatar start Sat Mar 04 10:26:56 CST 2023
2023-03-04 10:26:56.647  INFO 10280 --- [scheduling-1] c.d.community.schedule.AvatarFixTasks    : fixUserAvatar stop Sat Mar 04 10:26:56 CST 2023
2023-03-04 12:36:38.773  INFO 4216 --- [restartedMain] c.dubble.community.CommunityApplication  : Starting CommunityApplication on LAPTOP-7D9SSROK with PID 4216 (C:\Users\change\Desktop\community\target\classes started by change in C:\Users\change\Desktop\community)
2023-03-04 12:36:38.776  INFO 4216 --- [restartedMain] c.dubble.community.CommunityApplication  : No active profile set, falling back to default profiles: default
2023-03-04 12:36:38.820  INFO 4216 --- [restartedMain] .e.DevToolsPropertyDefaultsPostProcessor : Devtools property defaults active! Set 'spring.devtools.add-properties' to 'false' to disable
2023-03-04 12:36:38.821  INFO 4216 --- [restartedMain] .e.DevToolsPropertyDefaultsPostProcessor : For additional web related logging consider setting the 'logging.level.web' property to 'DEBUG'
2023-03-04 12:36:39.868  INFO 4216 --- [restartedMain] trationDelegate$BeanPostProcessorChecker : Bean 'listenerAsyncConfiguration' of type [com.dubble.community.listener.ListenerAsyncConfiguration$$EnhancerBySpringCGLIB$$90cb03c] is not eligible for getting processed by all BeanPostProcessors (for example: not eligible for auto-proxying)
2023-03-04 12:36:40.241  INFO 4216 --- [restartedMain] o.s.b.w.embedded.tomcat.TomcatWebServer  : Tomcat initialized with port(s): 8080 (http)
2023-03-04 12:36:40.251  INFO 4216 --- [restartedMain] o.apache.catalina.core.StandardService   : Starting service [Tomcat]
2023-03-04 12:36:40.251  INFO 4216 --- [restartedMain] org.apache.catalina.core.StandardEngine  : Starting Servlet engine: [Apache Tomcat/9.0.38]
2023-03-04 12:36:40.315  INFO 4216 --- [restartedMain] o.a.c.c.C.[Tomcat].[localhost].[/]       : Initializing Spring embedded WebApplicationContext
2023-03-04 12:36:40.315  INFO 4216 --- [restartedMain] w.s.c.ServletWebServerApplicationContext : Root WebApplicationContext: initialization completed in 1494 ms
2023-03-04 12:36:40.356  INFO 4216 --- [restartedMain] com.zaxxer.hikari.HikariDataSource       : HikariPool-1 - Starting...
2023-03-04 12:36:40.531  INFO 4216 --- [restartedMain] com.zaxxer.hikari.HikariDataSource       : HikariPool-1 - Start completed.
2023-03-04 12:36:40.541  INFO 4216 --- [restartedMain] o.s.b.a.h2.H2ConsoleAutoConfiguration    : H2 console available at '/h2-console'. Database available at 'jdbc:h2:~/community'
2023-03-04 12:36:41.209  INFO 4216 --- [restartedMain] o.s.s.concurrent.ThreadPoolTaskExecutor  : Initializing ExecutorService 'applicationTaskExecutor'
2023-03-04 12:36:41.264  INFO 4216 --- [restartedMain] o.s.b.a.w.s.WelcomePageHandlerMapping    : Adding welcome page template: index
2023-03-04 12:36:41.380  INFO 4216 --- [restartedMain] o.s.s.c.ThreadPoolTaskScheduler          : Initializing ExecutorService 'taskScheduler'
2023-03-04 12:36:41.517  INFO 4216 --- [restartedMain] o.s.b.d.a.OptionalLiveReloadServer       : LiveReload server is running on port 35729
2023-03-04 12:36:41.544  INFO 4216 --- [restartedMain] o.s.b.w.embedded.tomcat.TomcatWebServer  : Tomcat started on port(s): 8080 (http) with context path ''
2023-03-04 12:36:41.551  INFO 4216 --- [scheduling-1] c.d.community.schedule.AvatarFixTasks    : fixUserAvatar start Sat Mar 04 12:36:41 CST 2023
2023-03-04 12:36:41.554  INFO 4216 --- [restartedMain] c.dubble.community.CommunityApplication  : Started CommunityApplication in 3.329 seconds (JVM running for 4.92)
2023-03-04 12:36:41.592  INFO 4216 --- [scheduling-1] c.d.community.schedule.AvatarFixTasks    : fixUserAvatar stop Sat Mar 04 12:36:41 CST 2023
2023-03-04 12:36:41.592  INFO 4216 --- [scheduling-1] c.dubble.community.schedule.HotTagTasks  : hotTagSchedule start Sat Mar 04 12:36:41 CST 2023
2023-03-04 12:36:41.597  INFO 4216 --- [scheduling-1] c.dubble.community.schedule.HotTagTasks  : hotTagSchedule stop Sat Mar 04 12:36:41 CST 2023
2023-03-04 12:36:55.247  INFO 4216 --- [http-nio-8080-exec-4] o.a.c.c.C.[Tomcat].[localhost].[/]       : Initializing Spring DispatcherServlet 'dispatcherServlet'
2023-03-04 12:36:55.247  INFO 4216 --- [http-nio-8080-exec-4] o.s.web.servlet.DispatcherServlet        : Initializing Servlet 'dispatcherServlet'
2023-03-04 12:36:55.256  INFO 4216 --- [http-nio-8080-exec-4] o.s.web.servlet.DispatcherServlet        : Completed initialization in 9 ms
2023-03-04 12:37:24.655  INFO 4216 --- [http-nio-8080-exec-4] c.d.community.cache.QuestionRateLimiter  : QUESTIONS_RATE_LIMITER_REMOVE:1
2023-03-04 12:37:24.655  INFO 4216 --- [http-nio-8080-exec-4] c.d.community.cache.QuestionRateLimiter  : user : 1 post count : 0
2023-03-04 12:46:41.563  INFO 4216 --- [scheduling-1] c.d.community.schedule.AvatarFixTasks    : fixUserAvatar start Sat Mar 04 12:46:41 CST 2023
2023-03-04 12:46:41.563  INFO 4216 --- [scheduling-1] c.d.community.schedule.AvatarFixTasks    : fixUserAvatar stop Sat Mar 04 12:46:41 CST 2023
2023-03-04 12:56:41.556  INFO 4216 --- [scheduling-1] c.d.community.schedule.AvatarFixTasks    : fixUserAvatar start Sat Mar 04 12:56:41 CST 2023
2023-03-04 12:56:41.556  INFO 4216 --- [scheduling-1] c.d.community.schedule.AvatarFixTasks    : fixUserAvatar stop Sat Mar 04 12:56:41 CST 2023
2023-03-04 13:06:41.564  INFO 4216 --- [scheduling-1] c.d.community.schedule.AvatarFixTasks    : fixUserAvatar start Sat Mar 04 13:06:41 CST 2023
2023-03-04 13:06:41.564  INFO 4216 --- [scheduling-1] c.d.community.schedule.AvatarFixTasks    : fixUserAvatar stop Sat Mar 04 13:06:41 CST 2023
2023-03-04 14:23:43.946  WARN 4216 --- [HikariPool-1 housekeeper] com.zaxxer.hikari.pool.HikariPool        : HikariPool-1 - Thread starvation or clock leap detected (housekeeper delta=1h16m2s759ms632µs900ns).
2023-03-04 14:32:14.296  INFO 4216 --- [scheduling-1] c.d.community.schedule.AvatarFixTasks    : fixUserAvatar start Sat Mar 04 14:32:14 CST 2023
2023-03-04 14:32:14.296  INFO 4216 --- [scheduling-1] c.d.community.schedule.AvatarFixTasks    : fixUserAvatar stop Sat Mar 04 14:32:14 CST 2023
2023-03-04 14:32:14.296  INFO 4216 --- [scheduling-1] c.d.community.schedule.AvatarFixTasks    : fixUserAvatar start Sat Mar 04 14:32:14 CST 2023
2023-03-04 14:32:14.296  INFO 4216 --- [scheduling-1] c.d.community.schedule.AvatarFixTasks    : fixUserAvatar stop Sat Mar 04 14:32:14 CST 2023
2023-03-04 14:32:14.296  INFO 4216 --- [scheduling-1] c.d.community.schedule.AvatarFixTasks    : fixUserAvatar start Sat Mar 04 14:32:14 CST 2023
2023-03-04 14:32:14.296  INFO 4216 --- [scheduling-1] c.d.community.schedule.AvatarFixTasks    : fixUserAvatar stop Sat Mar 04 14:32:14 CST 2023
2023-03-04 14:32:14.296  INFO 4216 --- [scheduling-1] c.d.community.schedule.AvatarFixTasks    : fixUserAvatar start Sat Mar 04 14:32:14 CST 2023
2023-03-04 14:32:14.296  INFO 4216 --- [scheduling-1] c.d.community.schedule.AvatarFixTasks    : fixUserAvatar stop Sat Mar 04 14:32:14 CST 2023
2023-03-04 14:32:14.296  INFO 4216 --- [scheduling-1] c.d.community.schedule.AvatarFixTasks    : fixUserAvatar start Sat Mar 04 14:32:14 CST 2023
2023-03-04 14:32:14.296  INFO 4216 --- [scheduling-1] c.d.community.schedule.AvatarFixTasks    : fixUserAvatar stop Sat Mar 04 14:32:14 CST 2023
2023-03-04 14:32:14.296  INFO 4216 --- [scheduling-1] c.d.community.schedule.AvatarFixTasks    : fixUserAvatar start Sat Mar 04 14:32:14 CST 2023
2023-03-04 14:32:14.296  INFO 4216 --- [scheduling-1] c.d.community.schedule.AvatarFixTasks    : fixUserAvatar stop Sat Mar 04 14:32:14 CST 2023
2023-03-04 14:32:14.296  INFO 4216 --- [scheduling-1] c.d.community.schedule.AvatarFixTasks    : fixUserAvatar start Sat Mar 04 14:32:14 CST 2023
2023-03-04 14:32:14.296  INFO 4216 --- [scheduling-1] c.d.community.schedule.AvatarFixTasks    : fixUserAvatar stop Sat Mar 04 14:32:14 CST 2023
2023-03-04 14:32:14.296  INFO 4216 --- [scheduling-1] c.d.community.schedule.AvatarFixTasks    : fixUserAvatar start Sat Mar 04 14:32:14 CST 2023
2023-03-04 14:32:14.296  INFO 4216 --- [scheduling-1] c.d.community.schedule.AvatarFixTasks    : fixUserAvatar stop Sat Mar 04 14:32:14 CST 2023
2023-03-04 14:36:41.560  INFO 4216 --- [scheduling-1] c.d.community.schedule.AvatarFixTasks    : fixUserAvatar start Sat Mar 04 14:36:41 CST 2023
2023-03-04 14:36:41.560  INFO 4216 --- [scheduling-1] c.d.community.schedule.AvatarFixTasks    : fixUserAvatar stop Sat Mar 04 14:36:41 CST 2023
2023-03-04 14:46:41.560  INFO 4216 --- [scheduling-1] c.d.community.schedule.AvatarFixTasks    : fixUserAvatar start Sat Mar 04 14:46:41 CST 2023
2023-03-04 14:46:41.560  INFO 4216 --- [scheduling-1] c.d.community.schedule.AvatarFixTasks    : fixUserAvatar stop Sat Mar 04 14:46:41 CST 2023
2023-03-04 14:56:41.553  INFO 4216 --- [scheduling-1] c.d.community.schedule.AvatarFixTasks    : fixUserAvatar start Sat Mar 04 14:56:41 CST 2023
2023-03-04 14:56:41.553  INFO 4216 --- [scheduling-1] c.d.community.schedule.AvatarFixTasks    : fixUserAvatar stop Sat Mar 04 14:56:41 CST 2023
2023-03-04 15:06:41.550  INFO 4216 --- [scheduling-1] c.d.community.schedule.AvatarFixTasks    : fixUserAvatar start Sat Mar 04 15:06:41 CST 2023
2023-03-04 15:06:41.550  INFO 4216 --- [scheduling-1] c.d.community.schedule.AvatarFixTasks    : fixUserAvatar stop Sat Mar 04 15:06:41 CST 2023
2023-03-04 15:16:41.557  INFO 4216 --- [scheduling-1] c.d.community.schedule.AvatarFixTasks    : fixUserAvatar start Sat Mar 04 15:16:41 CST 2023
2023-03-04 15:16:41.557  INFO 4216 --- [scheduling-1] c.d.community.schedule.AvatarFixTasks    : fixUserAvatar stop Sat Mar 04 15:16:41 CST 2023
2023-03-04 15:25:07.332  INFO 4216 --- [Thread-11] o.s.s.c.ThreadPoolTaskScheduler          : Shutting down ExecutorService 'taskScheduler'
2023-03-04 15:25:07.332  INFO 4216 --- [Thread-11] o.s.s.concurrent.ThreadPoolTaskExecutor  : Shutting down ExecutorService 'applicationTaskExecutor'
2023-03-04 15:25:07.332  INFO 4216 --- [Thread-11] com.zaxxer.hikari.HikariDataSource       : HikariPool-1 - Shutdown initiated...
2023-03-04 15:25:07.362  INFO 4216 --- [Thread-11] com.zaxxer.hikari.HikariDataSource       : HikariPool-1 - Shutdown completed.
2023-03-04 15:25:07.529  INFO 4216 --- [restartedMain] c.dubble.community.CommunityApplication  : Starting CommunityApplication on LAPTOP-7D9SSROK with PID 4216 (C:\Users\change\Desktop\community\target\classes started by change in C:\Users\change\Desktop\community)
2023-03-04 15:25:07.532  INFO 4216 --- [restartedMain] c.dubble.community.CommunityApplication  : No active profile set, falling back to default profiles: default
2023-03-04 15:25:07.758  INFO 4216 --- [restartedMain] trationDelegate$BeanPostProcessorChecker : Bean 'listenerAsyncConfiguration' of type [com.dubble.community.listener.ListenerAsyncConfiguration$$EnhancerBySpringCGLIB$$90cb03c] is not eligible for getting processed by all BeanPostProcessors (for example: not eligible for auto-proxying)
2023-03-04 15:25:07.812  INFO 4216 --- [restartedMain] o.s.b.w.embedded.tomcat.TomcatWebServer  : Tomcat initialized with port(s): 8080 (http)
2023-03-04 15:25:07.812  INFO 4216 --- [restartedMain] o.apache.catalina.core.StandardService   : Starting service [Tomcat]
2023-03-04 15:25:07.812  INFO 4216 --- [restartedMain] org.apache.catalina.core.StandardEngine  : Starting Servlet engine: [Apache Tomcat/9.0.38]
2023-03-04 15:25:07.825  INFO 4216 --- [restartedMain] o.a.c.c.C.[Tomcat].[localhost].[/]       : Initializing Spring embedded WebApplicationContext
2023-03-04 15:25:07.825  INFO 4216 --- [restartedMain] w.s.c.ServletWebServerApplicationContext : Root WebApplicationContext: initialization completed in 293 ms
2023-03-04 15:25:07.844  INFO 4216 --- [restartedMain] com.zaxxer.hikari.HikariDataSource       : HikariPool-2 - Starting...
2023-03-04 15:25:07.846  INFO 4216 --- [restartedMain] com.zaxxer.hikari.HikariDataSource       : HikariPool-2 - Start completed.
2023-03-04 15:25:07.846  INFO 4216 --- [restartedMain] o.s.b.a.h2.H2ConsoleAutoConfiguration    : H2 console available at '/h2-console'. Database available at 'jdbc:h2:~/community'
2023-03-04 15:25:08.007  INFO 4216 --- [restartedMain] o.s.s.concurrent.ThreadPoolTaskExecutor  : Initializing ExecutorService 'applicationTaskExecutor'
2023-03-04 15:25:08.012  INFO 4216 --- [restartedMain] o.s.b.a.w.s.WelcomePageHandlerMapping    : Adding welcome page template: index
2023-03-04 15:25:08.057  INFO 4216 --- [restartedMain] o.s.s.c.ThreadPoolTaskScheduler          : Initializing ExecutorService 'taskScheduler'
2023-03-04 15:25:08.137  INFO 4216 --- [restartedMain] o.s.b.d.a.OptionalLiveReloadServer       : LiveReload server is running on port 35729
2023-03-04 15:25:08.142  INFO 4216 --- [restartedMain] o.s.b.w.embedded.tomcat.TomcatWebServer  : Tomcat started on port(s): 8080 (http) with context path ''
2023-03-04 15:25:08.142  INFO 4216 --- [restartedMain] c.dubble.community.CommunityApplication  : Started CommunityApplication in 0.653 seconds (JVM running for 10111.521)
2023-03-04 15:25:08.142  INFO 4216 --- [scheduling-1] c.d.community.schedule.AvatarFixTasks    : fixUserAvatar start Sat Mar 04 15:25:08 CST 2023
2023-03-04 15:25:08.152  INFO 4216 --- [restartedMain] .ConditionEvaluationDeltaLoggingListener : Condition evaluation unchanged
2023-03-04 15:25:08.172  INFO 4216 --- [scheduling-1] c.d.community.schedule.AvatarFixTasks    : fixUserAvatar stop Sat Mar 04 15:25:08 CST 2023
2023-03-04 15:25:08.172  INFO 4216 --- [scheduling-1] c.dubble.community.schedule.HotTagTasks  : hotTagSchedule start Sat Mar 04 15:25:08 CST 2023
2023-03-04 15:25:08.172  INFO 4216 --- [scheduling-1] c.dubble.community.schedule.HotTagTasks  : hotTagSchedule stop Sat Mar 04 15:25:08 CST 2023
2023-03-04 15:35:08.152  INFO 4216 --- [scheduling-1] c.d.community.schedule.AvatarFixTasks    : fixUserAvatar start Sat Mar 04 15:35:08 CST 2023
2023-03-04 15:35:08.153  INFO 4216 --- [scheduling-1] c.d.community.schedule.AvatarFixTasks    : fixUserAvatar stop Sat Mar 04 15:35:08 CST 2023
2023-03-04 15:45:08.163  INFO 4216 --- [scheduling-1] c.d.community.schedule.AvatarFixTasks    : fixUserAvatar start Sat Mar 04 15:45:08 CST 2023
2023-03-04 15:45:08.164  INFO 4216 --- [scheduling-1] c.d.community.schedule.AvatarFixTasks    : fixUserAvatar stop Sat Mar 04 15:45:08 CST 2023
2023-03-04 15:55:08.165  INFO 4216 --- [scheduling-1] c.d.community.schedule.AvatarFixTasks    : fixUserAvatar start Sat Mar 04 15:55:08 CST 2023
2023-03-04 15:55:08.165  INFO 4216 --- [scheduling-1] c.d.community.schedule.AvatarFixTasks    : fixUserAvatar stop Sat Mar 04 15:55:08 CST 2023
2023-03-04 16:05:08.158  INFO 4216 --- [scheduling-1] c.d.community.schedule.AvatarFixTasks    : fixUserAvatar start Sat Mar 04 16:05:08 CST 2023
2023-03-04 16:05:08.158  INFO 4216 --- [scheduling-1] c.d.community.schedule.AvatarFixTasks    : fixUserAvatar stop Sat Mar 04 16:05:08 CST 2023
2023-03-04 16:15:08.156  INFO 4216 --- [scheduling-1] c.d.community.schedule.AvatarFixTasks    : fixUserAvatar start Sat Mar 04 16:15:08 CST 2023
2023-03-04 16:15:08.157  INFO 4216 --- [scheduling-1] c.d.community.schedule.AvatarFixTasks    : fixUserAvatar stop Sat Mar 04 16:15:08 CST 2023
2023-03-04 16:25:08.161  INFO 4216 --- [scheduling-1] c.d.community.schedule.AvatarFixTasks    : fixUserAvatar start Sat Mar 04 16:25:08 CST 2023
2023-03-04 16:25:08.161  INFO 4216 --- [scheduling-1] c.d.community.schedule.AvatarFixTasks    : fixUserAvatar stop Sat Mar 04 16:25:08 CST 2023
2023-03-04 16:35:08.151  INFO 4216 --- [scheduling-1] c.d.community.schedule.AvatarFixTasks    : fixUserAvatar start Sat Mar 04 16:35:08 CST 2023
2023-03-04 16:35:08.155  INFO 4216 --- [scheduling-1] c.d.community.schedule.AvatarFixTasks    : fixUserAvatar stop Sat Mar 04 16:35:08 CST 2023
2023-03-04 16:45:08.161  INFO 4216 --- [scheduling-1] c.d.community.schedule.AvatarFixTasks    : fixUserAvatar start Sat Mar 04 16:45:08 CST 2023
2023-03-04 16:45:08.161  INFO 4216 --- [scheduling-1] c.d.community.schedule.AvatarFixTasks    : fixUserAvatar stop Sat Mar 04 16:45:08 CST 2023
2023-03-04 16:55:08.162  INFO 4216 --- [scheduling-1] c.d.community.schedule.AvatarFixTasks    : fixUserAvatar start Sat Mar 04 16:55:08 CST 2023
2023-03-04 16:55:08.163  INFO 4216 --- [scheduling-1] c.d.community.schedule.AvatarFixTasks    : fixUserAvatar stop Sat Mar 04 16:55:08 CST 2023
